<?xml version="1.0" encoding="UTF-8"?>
<testng-results skipped="0" failed="0" ignored="0" total="1" passed="1">
  <reporter-output>
  </reporter-output>
  <suite name="Default suite" duration-ms="50148" started-at="2018-04-07T14:25:43Z" finished-at="2018-04-07T14:26:33Z">
    <groups>
    </groups>
    <test name="Default test" duration-ms="50148" started-at="2018-04-07T14:25:43Z" finished-at="2018-04-07T14:26:33Z">
      <class name="scripts.Guruu">
        <test-method status="PASS" signature="Test1()[pri:0, instance:scripts.Guruu@4520ebad]" name="Test1" duration-ms="50120" started-at="2018-04-07T19:55:43Z" finished-at="2018-04-07T19:56:33Z">
          <reporter-output>
          </reporter-output>
        </test-method> <!-- Test1 -->
      </class> <!-- scripts.Guruu -->
    </test> <!-- Default test -->
  </suite> <!-- Default suite -->
</testng-results>
